<html>
<head>
<title>TestNG:  Winxpo1215</title>
<link href="../testng.css" rel="stylesheet" type="text/css" />
<link href="../my-testng.css" rel="stylesheet" type="text/css" />

<style type="text/css">
.log { display: none;} 
.stack-trace { display: none;} 
</style>
<script type="text/javascript">
<!--
function flip(e) {
  current = e.style.display;
  if (current == 'block') {
    e.style.display = 'none';
    return 0;
  }
  else {
    e.style.display = 'block';
    return 1;
  }
}

function toggleBox(szDivId, elem, msg1, msg2)
{
  var res = -1;  if (document.getElementById) {
    res = flip(document.getElementById(szDivId));
  }
  else if (document.all) {
    // this is the way old msie versions work
    res = flip(document.all[szDivId]);
  }
  if(elem) {
    if(res == 0) elem.innerHTML = msg1; else elem.innerHTML = msg2;
  }

}

function toggleAllBoxes() {
  if (document.getElementsByTagName) {
    d = document.getElementsByTagName('div');
    for (i = 0; i < d.length; i++) {
      if (d[i].className == 'log') {
        flip(d[i]);
      }
    }
  }
}

// -->
</script>

</head>
<body>
<h2 align='center'>Winxpo1215</h2><table border='1' align="center">
<tr>
<td>Tests passed/Failed/Skipped:</td><td>0/1/0</td>
</tr><tr>
<td>Started on:</td><td>Mon Nov 15 20:10:44 IST 2021</td>
</tr>
<tr><td>Total time:</td><td>13 seconds (13240 ms)</td>
</tr><tr>
<td>Included groups:</td><td></td>
</tr><tr>
<td>Excluded groups:</td><td></td>
</tr>
</table><p/>
<small><i>(Hover the method name to see the test class name)</i></small><p/>
<table width='100%' border='1' class='invocation-failed'>
<tr><td colspan='4' align='center'><b>FAILED TESTS</b></td></tr>
<tr><td><b>Test method</b></td>
<td width="30%"><b>Exception</b></td>
<td width="10%"><b>Time (seconds)</b></td>
<td><b>Instance</b></td>
</tr>
<tr>
<td title='com.java.testNG.Browserstack.browsertest()'><b>browsertest</b><br>Test class: com.java.testNG.Browserstack<br>Parameters: XP, Opera, 12.16</td>
<td><div><pre>org.openqa.selenium.WebDriverException: Not supported in OperaDriver yet
Command duration or timeout: 0 milliseconds
Build info: version: &apos;4.0.0&apos;, revision: &apos;3a21814679&apos;
System info: host: &apos;PAARI-MAGAN&apos;, ip: &apos;192.168.0.117&apos;, os.name: &apos;Windows 10&apos;, os.arch: &apos;amd64&apos;, os.version: &apos;10.0&apos;, java.version: &apos;1.8.0_311&apos;
Driver info: org.openqa.selenium.remote.RemoteWebDriver
Command: [4945d357f369ad24dd45f7478189f9df18520835, maximizeCurrentWindow {}]
Capabilities {64bit: false, acceptSslCert: false, acceptSslCerts: false, browser: opera, browserName: opera, browser_name: Opera, browser_version: 12.16, browserstack.appium_version: , browserstack.is_hub_canary: false, buildName: BStack Build Number 1, cssSelectorsEnabled: true, detected_language: selenium/4.0.0 (java windows), javascriptEnabled: true, new_bucketing: true, opera.arguments: {debugproxy: 127.0.0.1:12950, pd: C:\Windows\proxy\opera67674...}, opera.autostart: true, opera.backend: software, opera.binary: C:\Program Files\Opera 12.1..., opera.detach: false, opera.host: 127.0.0.1, opera.idle: false, opera.launcher: C:\Windows\proxy\.launcher\..., opera.logging.level: INFO, opera.no_quit: false, opera.no_restart: false, opera.port: 12950, opera.product: Opera Desktop, opera.runner: com.opera.core.systems.runn..., orig_os: winxp, os: Windows, osVersion: XP, os_version: XP, platform: XP, platformName: XP, resolution: 1920x1080, sessionName: BStack-[Java] Sample Test, takesScreenshot: true, version: 12.16, webdriver.remote.sessionid: 4945d357f369ad24dd45f747818...}
Session ID: 4945d357f369ad24dd45f7478189f9df18520835
	at org.openqa.selenium.remote.ErrorHandler.createThrowable(ErrorHandler.java:217)
	at org.openqa.selenium.remote.ErrorHandler.throwIfResponseFailed(ErrorHandler.java:169)
	at org.openqa.selenium.remote.codec.jwp.JsonHttpResponseCodec.reconstructValue(JsonHttpResponseCodec.java:41)
	at org.openqa.selenium.remote.codec.AbstractHttpResponseCodec.decode(AbstractHttpResponseCodec.java:83)
	at org.openqa.selenium.remote.codec.AbstractHttpResponseCodec.decode(AbstractHttpResponseCodec.java:47)
	at org.openqa.selenium.remote.HttpCommandExecutor.execute(HttpCommandExecutor.java:184)
	at org.openqa.selenium.remote.TracedCommandExecutor.execute(TracedCommandExecutor.java:39)
	at org.openqa.selenium.remote.RemoteWebDriver.execute(RemoteWebDriver.java:559)
	at org.openqa.selenium.remote.RemoteWebDriver.execute(RemoteWebDriver.java:614)
	at org.openqa.selenium.remote.RemoteWebDriver.execute(RemoteWebDriver.java:618)
	at org.openqa.selenium.remote.RemoteWebDriver$RemoteWebDriverOptions$RemoteWindow.maximize(RemoteWebDriver.java:928)
	at com.java.testNG.Browserstack.browsertest(Browserstack.java:34)
Caused by: java.lang.UnsupportedOperationException: Not supported in OperaDriver yet
	at com.opera.core.systems.OperaDriver$OperaOptions.window(OperaDriver.java:929)
	at org.openqa.selenium.support.events.EventFiringWebDriver$EventFiringOptions.window(EventFiringWebDriver.java:536)
	at org.openqa.selenium.remote.server.handler.MaximizeWindow.call(MaximizeWindow.java:30)
	at org.openqa.selenium.remote.server.handler.MaximizeWindow.call(MaximizeWindow.java:1)
	at java.util.concurrent.FutureTask.run(Unknown Source)
	at org.openqa.selenium.remote.server.DefaultSession$1.run(DefaultSession.java:169)
	at java.util.concurrent.ThreadPoolExecutor.runWorker(Unknown Source)
	at java.util.concurrent.ThreadPoolExecutor$Worker.run(Unknown Source)
	at java.lang.Thread.run(Unknown Source)
... Removed 29 stack frames</pre></div><a href='#' onClick='toggleBox("stack-trace1620459733", this, "Click to show all stack frames", "Click to hide stack frames")'>Click to show all stack frames</a>
<div class='stack-trace' id='stack-trace1620459733'><pre>org.openqa.selenium.WebDriverException: Not supported in OperaDriver yet
Command duration or timeout: 0 milliseconds
Build info: version: &apos;4.0.0&apos;, revision: &apos;3a21814679&apos;
System info: host: &apos;PAARI-MAGAN&apos;, ip: &apos;192.168.0.117&apos;, os.name: &apos;Windows 10&apos;, os.arch: &apos;amd64&apos;, os.version: &apos;10.0&apos;, java.version: &apos;1.8.0_311&apos;
Driver info: org.openqa.selenium.remote.RemoteWebDriver
Command: [4945d357f369ad24dd45f7478189f9df18520835, maximizeCurrentWindow {}]
Capabilities {64bit: false, acceptSslCert: false, acceptSslCerts: false, browser: opera, browserName: opera, browser_name: Opera, browser_version: 12.16, browserstack.appium_version: , browserstack.is_hub_canary: false, buildName: BStack Build Number 1, cssSelectorsEnabled: true, detected_language: selenium/4.0.0 (java windows), javascriptEnabled: true, new_bucketing: true, opera.arguments: {debugproxy: 127.0.0.1:12950, pd: C:\Windows\proxy\opera67674...}, opera.autostart: true, opera.backend: software, opera.binary: C:\Program Files\Opera 12.1..., opera.detach: false, opera.host: 127.0.0.1, opera.idle: false, opera.launcher: C:\Windows\proxy\.launcher\..., opera.logging.level: INFO, opera.no_quit: false, opera.no_restart: false, opera.port: 12950, opera.product: Opera Desktop, opera.runner: com.opera.core.systems.runn..., orig_os: winxp, os: Windows, osVersion: XP, os_version: XP, platform: XP, platformName: XP, resolution: 1920x1080, sessionName: BStack-[Java] Sample Test, takesScreenshot: true, version: 12.16, webdriver.remote.sessionid: 4945d357f369ad24dd45f747818...}
Session ID: 4945d357f369ad24dd45f7478189f9df18520835
	at sun.reflect.NativeConstructorAccessorImpl.newInstance0(Native Method)
	at sun.reflect.NativeConstructorAccessorImpl.newInstance(Unknown Source)
	at sun.reflect.DelegatingConstructorAccessorImpl.newInstance(Unknown Source)
	at java.lang.reflect.Constructor.newInstance(Unknown Source)
	at org.openqa.selenium.remote.ErrorHandler.createThrowable(ErrorHandler.java:217)
	at org.openqa.selenium.remote.ErrorHandler.throwIfResponseFailed(ErrorHandler.java:169)
	at org.openqa.selenium.remote.codec.jwp.JsonHttpResponseCodec.reconstructValue(JsonHttpResponseCodec.java:41)
	at org.openqa.selenium.remote.codec.AbstractHttpResponseCodec.decode(AbstractHttpResponseCodec.java:83)
	at org.openqa.selenium.remote.codec.AbstractHttpResponseCodec.decode(AbstractHttpResponseCodec.java:47)
	at org.openqa.selenium.remote.HttpCommandExecutor.execute(HttpCommandExecutor.java:184)
	at org.openqa.selenium.remote.TracedCommandExecutor.execute(TracedCommandExecutor.java:39)
	at org.openqa.selenium.remote.RemoteWebDriver.execute(RemoteWebDriver.java:559)
	at org.openqa.selenium.remote.RemoteWebDriver.execute(RemoteWebDriver.java:614)
	at org.openqa.selenium.remote.RemoteWebDriver.execute(RemoteWebDriver.java:618)
	at org.openqa.selenium.remote.RemoteWebDriver$RemoteWebDriverOptions$RemoteWindow.maximize(RemoteWebDriver.java:928)
	at com.java.testNG.Browserstack.browsertest(Browserstack.java:34)
	at sun.reflect.NativeMethodAccessorImpl.invoke0(Native Method)
	at sun.reflect.NativeMethodAccessorImpl.invoke(Unknown Source)
	at sun.reflect.DelegatingMethodAccessorImpl.invoke(Unknown Source)
	at java.lang.reflect.Method.invoke(Unknown Source)
	at org.testng.internal.MethodInvocationHelper.invokeMethod(MethodInvocationHelper.java:86)
	at org.testng.internal.Invoker.invokeMethod(Invoker.java:646)
	at org.testng.internal.Invoker.invokeTestMethod(Invoker.java:823)
	at org.testng.internal.Invoker.invokeTestMethods(Invoker.java:1131)
	at org.testng.internal.TestMethodWorker.invokeTestMethods(TestMethodWorker.java:129)
	at org.testng.internal.TestMethodWorker.run(TestMethodWorker.java:112)
	at org.testng.TestRunner.privateRun(TestRunner.java:778)
	at org.testng.TestRunner.run(TestRunner.java:632)
	at org.testng.SuiteRunner.runTest(SuiteRunner.java:366)
	at org.testng.SuiteRunner.runSequentially(SuiteRunner.java:361)
	at org.testng.SuiteRunner.privateRun(SuiteRunner.java:319)
	at org.testng.SuiteRunner.run(SuiteRunner.java:268)
	at org.testng.SuiteRunnerWorker.runSuite(SuiteRunnerWorker.java:52)
	at org.testng.SuiteRunnerWorker.run(SuiteRunnerWorker.java:86)
	at org.testng.TestNG.runSuitesSequentially(TestNG.java:1225)
	at org.testng.TestNG.runSuitesLocally(TestNG.java:1150)
	at org.testng.TestNG.runSuites(TestNG.java:1075)
	at org.testng.TestNG.run(TestNG.java:1047)
	at org.testng.remote.AbstractRemoteTestNG.run(AbstractRemoteTestNG.java:126)
	at org.testng.remote.RemoteTestNG.initAndRun(RemoteTestNG.java:137)
	at org.testng.remote.RemoteTestNG.main(RemoteTestNG.java:58)
Caused by: java.lang.UnsupportedOperationException: Not supported in OperaDriver yet
	at com.opera.core.systems.OperaDriver$OperaOptions.window(OperaDriver.java:929)
	at org.openqa.selenium.support.events.EventFiringWebDriver$EventFiringOptions.window(EventFiringWebDriver.java:536)
	at org.openqa.selenium.remote.server.handler.MaximizeWindow.call(MaximizeWindow.java:30)
	at org.openqa.selenium.remote.server.handler.MaximizeWindow.call(MaximizeWindow.java:1)
	at java.util.concurrent.FutureTask.run(Unknown Source)
	at org.openqa.selenium.remote.server.DefaultSession$1.run(DefaultSession.java:169)
	at java.util.concurrent.ThreadPoolExecutor.runWorker(Unknown Source)
	at java.util.concurrent.ThreadPoolExecutor$Worker.run(Unknown Source)
	at java.lang.Thread.run(Unknown Source)
</pre></div></td>
<td>13</td>
<td>com.java.testNG.Browserstack@4dfa3a9d</td></tr>
</table><p>
</body>
</html>