<?xml version="1.0" encoding="UTF-8"?>
<!-- Generated by org.testng.reporters.JUnitReportReporter -->
<testsuite hostname="Paari-Magan" name="com.java.testNG.Browserstack" tests="1" failures="0" timestamp="15 Nov 2021 14:40:58 GMT" time="13.161" errors="1">
  <testcase name="browsertest" time="13.161" classname="com.java.testNG.Browserstack">
    <error type="org.openqa.selenium.WebDriverException" message="Not supported in OperaDriver yet
Command duration or timeout: 0 milliseconds
Build info: version: &#039;4.0.0&#039;, revision: &#039;3a21814679&#039;
System info: host: &#039;PAARI-MAGAN&#039;, ip: &#039;192.168.0.117&#039;, os.name: &#039;Windows 10&#039;, os.arch: &#039;amd64&#039;, os.version: &#039;10.0&#039;, java.version: &#039;1.8.0_311&#039;
Driver info: org.openqa.selenium.remote.RemoteWebDriver
Command: [4945d357f369ad24dd45f7478189f9df18520835, maximizeCurrentWindow {}]
Capabilities {64bit: false, acceptSslCert: false, acceptSslCerts: false, browser: opera, browserName: opera, browser_name: Opera, browser_version: 12.16, browserstack.appium_version: , browserstack.is_hub_canary: false, buildName: BStack Build Number 1, cssSelectorsEnabled: true, detected_language: selenium/4.0.0 (java windows), javascriptEnabled: true, new_bucketing: true, opera.arguments: {debugproxy: 127.0.0.1:12950, pd: C:\Windows\proxy\opera67674...}, opera.autostart: true, opera.backend: software, opera.binary: C:\Program Files\Opera 12.1..., opera.detach: false, opera.host: 127.0.0.1, opera.idle: false, opera.launcher: C:\Windows\proxy\.launcher\..., opera.logging.level: INFO, opera.no_quit: false, opera.no_restart: false, opera.port: 12950, opera.product: Opera Desktop, opera.runner: com.opera.core.systems.runn..., orig_os: winxp, os: Windows, osVersion: XP, os_version: XP, platform: XP, platformName: XP, resolution: 1920x1080, sessionName: BStack-[Java] Sample Test, takesScreenshot: true, version: 12.16, webdriver.remote.sessionid: 4945d357f369ad24dd45f747818...}
Session ID: 4945d357f369ad24dd45f7478189f9df18520835">
      <![CDATA[org.openqa.selenium.WebDriverException: Not supported in OperaDriver yet
Command duration or timeout: 0 milliseconds
Build info: version: '4.0.0', revision: '3a21814679'
System info: host: 'PAARI-MAGAN', ip: '192.168.0.117', os.name: 'Windows 10', os.arch: 'amd64', os.version: '10.0', java.version: '1.8.0_311'
Driver info: org.openqa.selenium.remote.RemoteWebDriver
Command: [4945d357f369ad24dd45f7478189f9df18520835, maximizeCurrentWindow {}]
Capabilities {64bit: false, acceptSslCert: false, acceptSslCerts: false, browser: opera, browserName: opera, browser_name: Opera, browser_version: 12.16, browserstack.appium_version: , browserstack.is_hub_canary: false, buildName: BStack Build Number 1, cssSelectorsEnabled: true, detected_language: selenium/4.0.0 (java windows), javascriptEnabled: true, new_bucketing: true, opera.arguments: {debugproxy: 127.0.0.1:12950, pd: C:\Windows\proxy\opera67674...}, opera.autostart: true, opera.backend: software, opera.binary: C:\Program Files\Opera 12.1..., opera.detach: false, opera.host: 127.0.0.1, opera.idle: false, opera.launcher: C:\Windows\proxy\.launcher\..., opera.logging.level: INFO, opera.no_quit: false, opera.no_restart: false, opera.port: 12950, opera.product: Opera Desktop, opera.runner: com.opera.core.systems.runn..., orig_os: winxp, os: Windows, osVersion: XP, os_version: XP, platform: XP, platformName: XP, resolution: 1920x1080, sessionName: BStack-[Java] Sample Test, takesScreenshot: true, version: 12.16, webdriver.remote.sessionid: 4945d357f369ad24dd45f747818...}
Session ID: 4945d357f369ad24dd45f7478189f9df18520835
	at sun.reflect.NativeConstructorAccessorImpl.newInstance0(Native Method)
	at sun.reflect.NativeConstructorAccessorImpl.newInstance(Unknown Source)
	at sun.reflect.DelegatingConstructorAccessorImpl.newInstance(Unknown Source)
	at java.lang.reflect.Constructor.newInstance(Unknown Source)
	at org.openqa.selenium.remote.ErrorHandler.createThrowable(ErrorHandler.java:217)
	at org.openqa.selenium.remote.ErrorHandler.throwIfResponseFailed(ErrorHandler.java:169)
	at org.openqa.selenium.remote.codec.jwp.JsonHttpResponseCodec.reconstructValue(JsonHttpResponseCodec.java:41)
	at org.openqa.selenium.remote.codec.AbstractHttpResponseCodec.decode(AbstractHttpResponseCodec.java:83)
	at org.openqa.selenium.remote.codec.AbstractHttpResponseCodec.decode(AbstractHttpResponseCodec.java:47)
	at org.openqa.selenium.remote.HttpCommandExecutor.execute(HttpCommandExecutor.java:184)
	at org.openqa.selenium.remote.TracedCommandExecutor.execute(TracedCommandExecutor.java:39)
	at org.openqa.selenium.remote.RemoteWebDriver.execute(RemoteWebDriver.java:559)
	at org.openqa.selenium.remote.RemoteWebDriver.execute(RemoteWebDriver.java:614)
	at org.openqa.selenium.remote.RemoteWebDriver.execute(RemoteWebDriver.java:618)
	at org.openqa.selenium.remote.RemoteWebDriver$RemoteWebDriverOptions$RemoteWindow.maximize(RemoteWebDriver.java:928)
	at com.java.testNG.Browserstack.browsertest(Browserstack.java:34)
	at sun.reflect.NativeMethodAccessorImpl.invoke0(Native Method)
	at sun.reflect.NativeMethodAccessorImpl.invoke(Unknown Source)
	at sun.reflect.DelegatingMethodAccessorImpl.invoke(Unknown Source)
	at java.lang.reflect.Method.invoke(Unknown Source)
	at org.testng.internal.MethodInvocationHelper.invokeMethod(MethodInvocationHelper.java:86)
	at org.testng.internal.Invoker.invokeMethod(Invoker.java:646)
	at org.testng.internal.Invoker.invokeTestMethod(Invoker.java:823)
	at org.testng.internal.Invoker.invokeTestMethods(Invoker.java:1131)
	at org.testng.internal.TestMethodWorker.invokeTestMethods(TestMethodWorker.java:129)
	at org.testng.internal.TestMethodWorker.run(TestMethodWorker.java:112)
	at org.testng.TestRunner.privateRun(TestRunner.java:778)
	at org.testng.TestRunner.run(TestRunner.java:632)
	at org.testng.SuiteRunner.runTest(SuiteRunner.java:366)
	at org.testng.SuiteRunner.runSequentially(SuiteRunner.java:361)
	at org.testng.SuiteRunner.privateRun(SuiteRunner.java:319)
	at org.testng.SuiteRunner.run(SuiteRunner.java:268)
	at org.testng.SuiteRunnerWorker.runSuite(SuiteRunnerWorker.java:52)
	at org.testng.SuiteRunnerWorker.run(SuiteRunnerWorker.java:86)
	at org.testng.TestNG.runSuitesSequentially(TestNG.java:1225)
	at org.testng.TestNG.runSuitesLocally(TestNG.java:1150)
	at org.testng.TestNG.runSuites(TestNG.java:1075)
	at org.testng.TestNG.run(TestNG.java:1047)
	at org.testng.remote.AbstractRemoteTestNG.run(AbstractRemoteTestNG.java:126)
	at org.testng.remote.RemoteTestNG.initAndRun(RemoteTestNG.java:137)
	at org.testng.remote.RemoteTestNG.main(RemoteTestNG.java:58)
Caused by: java.lang.UnsupportedOperationException: Not supported in OperaDriver yet
	at com.opera.core.systems.OperaDriver$OperaOptions.window(OperaDriver.java:929)
	at org.openqa.selenium.support.events.EventFiringWebDriver$EventFiringOptions.window(EventFiringWebDriver.java:536)
	at org.openqa.selenium.remote.server.handler.MaximizeWindow.call(MaximizeWindow.java:30)
	at org.openqa.selenium.remote.server.handler.MaximizeWindow.call(MaximizeWindow.java:1)
	at java.util.concurrent.FutureTask.run(Unknown Source)
	at org.openqa.selenium.remote.server.DefaultSession$1.run(DefaultSession.java:169)
	at java.util.concurrent.ThreadPoolExecutor.runWorker(Unknown Source)
	at java.util.concurrent.ThreadPoolExecutor$Worker.run(Unknown Source)
	at java.lang.Thread.run(Unknown Source)
]]>
    </error>
  </testcase> <!-- browsertest -->
</testsuite> <!-- com.java.testNG.Browserstack -->
